<?xml version="1.0" encoding="UTF-8"?>
<!-- Generated by org.testng.reporters.JUnitXMLReporter -->
<testsuite ignored="0" hostname="DESKTOP-I2BFBMQ" failures="0" tests="7" name="Default test" time="24.575" errors="0" timestamp="2021-10-21T21:01:52 IST">
  <testcase classname="Org.gittest.sample" name="Test1" time="16.09"/>
  <testcase classname="Org.gittest.sample" name="testA" time="0.003"/>
  <testcase classname="Org.gittest.sample" name="testB" time="0.002"/>
  <testcase classname="Org.gittest.sample" name="testC" time="0.003"/>
  <testcase classname="Org.gittest.sample" name="testD" time="0.003"/>
  <testcase classname="Org.gittest.sample" name="testE" time="0.002"/>
  <testcase classname="Org.gittest.sample" name="testF" time="0.005"/>
</testsuite> <!-- Default test -->
