<?xml version="1.0" encoding="UTF-8"?>
<testng-results ignored="0" total="7" passed="7" failed="0" skipped="0">
  <reporter-output>
  </reporter-output>
  <suite started-at="2021-10-21T21:01:27 IST" name="Default suite" finished-at="2021-10-21T21:01:52 IST" duration-ms="24575">
    <groups>
    </groups>
    <test started-at="2021-10-21T21:01:27 IST" name="Default test" finished-at="2021-10-21T21:01:52 IST" duration-ms="24575">
      <class name="Org.gittest.sample">
        <test-method is-config="true" signature="BeforeClass()[pri:0, instance:Org.gittest.sample@31368b99]" started-at="2021-10-21T21:01:27 IST" name="BeforeClass" finished-at="2021-10-21T21:01:35 IST" duration-ms="7721" status="PASS">
          <reporter-output>
          </reporter-output>
        </test-method> <!-- BeforeClass -->
        <test-method signature="Test1()[pri:0, instance:Org.gittest.sample@31368b99]" started-at="2021-10-21T21:01:35 IST" name="Test1" finished-at="2021-10-21T21:01:51 IST" duration-ms="16090" status="PASS">
          <reporter-output>
          </reporter-output>
        </test-method> <!-- Test1 -->
        <test-method signature="testA()[pri:0, instance:Org.gittest.sample@31368b99]" started-at="2021-10-21T21:01:51 IST" name="testA" finished-at="2021-10-21T21:01:51 IST" duration-ms="3" status="PASS">
          <reporter-output>
          </reporter-output>
        </test-method> <!-- testA -->
        <test-method signature="testB()[pri:0, instance:Org.gittest.sample@31368b99]" started-at="2021-10-21T21:01:51 IST" name="testB" finished-at="2021-10-21T21:01:51 IST" duration-ms="2" status="PASS">
          <reporter-output>
          </reporter-output>
        </test-method> <!-- testB -->
        <test-method signature="testC()[pri:0, instance:Org.gittest.sample@31368b99]" started-at="2021-10-21T21:01:51 IST" name="testC" finished-at="2021-10-21T21:01:51 IST" duration-ms="3" status="PASS">
          <reporter-output>
          </reporter-output>
        </test-method> <!-- testC -->
        <test-method signature="testD()[pri:0, instance:Org.gittest.sample@31368b99]" started-at="2021-10-21T21:01:51 IST" name="testD" finished-at="2021-10-21T21:01:51 IST" duration-ms="3" status="PASS">
          <reporter-output>
          </reporter-output>
        </test-method> <!-- testD -->
        <test-method signature="testE()[pri:0, instance:Org.gittest.sample@31368b99]" started-at="2021-10-21T21:01:51 IST" name="testE" finished-at="2021-10-21T21:01:51 IST" duration-ms="2" status="PASS">
          <reporter-output>
          </reporter-output>
        </test-method> <!-- testE -->
        <test-method signature="testF()[pri:0, instance:Org.gittest.sample@31368b99]" started-at="2021-10-21T21:01:51 IST" name="testF" finished-at="2021-10-21T21:01:51 IST" duration-ms="5" status="PASS">
          <reporter-output>
          </reporter-output>
        </test-method> <!-- testF -->
        <test-method is-config="true" signature="afterClass()[pri:0, instance:Org.gittest.sample@31368b99]" started-at="2021-10-21T21:01:51 IST" name="afterClass" finished-at="2021-10-21T21:01:52 IST" duration-ms="646" status="PASS">
          <reporter-output>
          </reporter-output>
        </test-method> <!-- afterClass -->
      </class> <!-- Org.gittest.sample -->
    </test> <!-- Default test -->
  </suite> <!-- Default suite -->
</testng-results>
